\BOOKMARK [0][-]{chapter.1}{\376\377\0001\000\040\000H\000i\000e\000r\000a\000r\000c\000h\000i\000c\000a\000l\000\040\000I\000n\000d\000e\000x}{}% 1
\BOOKMARK [1][-]{section.1.1}{\376\377\0001\000.\0001\000\040\000C\000l\000a\000s\000s\000\040\000H\000i\000e\000r\000a\000r\000c\000h\000y}{chapter.1}% 2
\BOOKMARK [0][-]{chapter.2}{\376\377\0002\000\040\000C\000l\000a\000s\000s\000\040\000I\000n\000d\000e\000x}{}% 3
\BOOKMARK [1][-]{section.2.1}{\376\377\0002\000.\0001\000\040\000C\000l\000a\000s\000s\000\040\000L\000i\000s\000t}{chapter.2}% 4
\BOOKMARK [0][-]{chapter.3}{\376\377\0003\000\040\000F\000i\000l\000e\000\040\000I\000n\000d\000e\000x}{}% 5
\BOOKMARK [1][-]{section.3.1}{\376\377\0003\000.\0001\000\040\000F\000i\000l\000e\000\040\000L\000i\000s\000t}{chapter.3}% 6
\BOOKMARK [0][-]{chapter.4}{\376\377\0004\000\040\000C\000l\000a\000s\000s\000\040\000D\000o\000c\000u\000m\000e\000n\000t\000a\000t\000i\000o\000n}{}% 7
\BOOKMARK [1][-]{section.4.1}{\376\377\0004\000.\0001\000\040\000A\000B\000a\000s\000e\000\040\000C\000l\000a\000s\000s\000\040\000R\000e\000f\000e\000r\000e\000n\000c\000e}{chapter.4}% 8
\BOOKMARK [2][-]{subsection.4.1.1}{\376\377\0004\000.\0001\000.\0001\000\040\000D\000e\000t\000a\000i\000l\000e\000d\000\040\000D\000e\000s\000c\000r\000i\000p\000t\000i\000o\000n}{section.4.1}% 9
\BOOKMARK [2][-]{subsection.4.1.2}{\376\377\0004\000.\0001\000.\0002\000\040\000C\000o\000n\000s\000t\000r\000u\000c\000t\000o\000r\000\040\000\046\000\040\000D\000e\000s\000t\000r\000u\000c\000t\000o\000r\000\040\000D\000o\000c\000u\000m\000e\000n\000t\000a\000t\000i\000o\000n}{section.4.1}% 10
\BOOKMARK [3][-]{subsubsection.4.1.2.1}{\376\377\0004\000.\0001\000.\0002\000.\0001\000\040\000A\000B\000a\000s\000e\000\050\000\051}{subsection.4.1.2}% 11
\BOOKMARK [2][-]{subsection.4.1.3}{\376\377\0004\000.\0001\000.\0003\000\040\000M\000e\000m\000b\000e\000r\000\040\000F\000u\000n\000c\000t\000i\000o\000n\000\040\000D\000o\000c\000u\000m\000e\000n\000t\000a\000t\000i\000o\000n}{section.4.1}% 12
\BOOKMARK [3][-]{subsubsection.4.1.3.1}{\376\377\0004\000.\0001\000.\0003\000.\0001\000\040\000G\000e\000t\000H\000e\000a\000l\000t\000h\000\050\000\051}{subsection.4.1.3}% 13
\BOOKMARK [3][-]{subsubsection.4.1.3.2}{\376\377\0004\000.\0001\000.\0003\000.\0002\000\040\000G\000e\000t\000L\000i\000f\000e\000t\000i\000m\000e\000R\000e\000p\000l\000i\000c\000a\000t\000e\000d\000P\000r\000o\000p\000s\000\050\000\051}{subsection.4.1.3}% 14
\BOOKMARK [3][-]{subsubsection.4.1.3.3}{\376\377\0004\000.\0001\000.\0003\000.\0003\000\040\000I\000s\000D\000e\000s\000t\000r\000o\000y\000e\000d\000\050\000\051}{subsection.4.1.3}% 15
\BOOKMARK [3][-]{subsubsection.4.1.3.4}{\376\377\0004\000.\0001\000.\0003\000.\0004\000\040\000O\000n\000R\000e\000p\000\137\000H\000e\000a\000l\000t\000h\000\050\000\051}{subsection.4.1.3}% 16
\BOOKMARK [3][-]{subsubsection.4.1.3.5}{\376\377\0004\000.\0001\000.\0003\000.\0005\000\040\000R\000e\000c\000e\000i\000v\000e\000D\000a\000m\000a\000g\000e\000\050\000\051}{subsection.4.1.3}% 17
\BOOKMARK [3][-]{subsubsection.4.1.3.6}{\376\377\0004\000.\0001\000.\0003\000.\0006\000\040\000T\000a\000k\000e\000D\000a\000m\000a\000g\000e\000\050\000\051}{subsection.4.1.3}% 18
\BOOKMARK [3][-]{subsubsection.4.1.3.7}{\376\377\0004\000.\0001\000.\0003\000.\0007\000\040\000U\000P\000R\000O\000P\000E\000R\000T\000Y\000\050\000\051}{subsection.4.1.3}% 19
\BOOKMARK [2][-]{subsection.4.1.4}{\376\377\0004\000.\0001\000.\0004\000\040\000M\000e\000m\000b\000e\000r\000\040\000D\000a\000t\000a\000\040\000D\000o\000c\000u\000m\000e\000n\000t\000a\000t\000i\000o\000n}{section.4.1}% 20
\BOOKMARK [3][-]{subsubsection.4.1.4.1}{\376\377\0004\000.\0001\000.\0004\000.\0001\000\040\000M\000a\000x\000H\000e\000a\000l\000t\000h}{subsection.4.1.4}% 21
\BOOKMARK [1][-]{section.4.2}{\376\377\0004\000.\0002\000\040\000A\000E\000n\000e\000m\000y\000\040\000C\000l\000a\000s\000s\000\040\000R\000e\000f\000e\000r\000e\000n\000c\000e}{chapter.4}% 22
\BOOKMARK [2][-]{subsection.4.2.1}{\376\377\0004\000.\0002\000.\0001\000\040\000D\000e\000t\000a\000i\000l\000e\000d\000\040\000D\000e\000s\000c\000r\000i\000p\000t\000i\000o\000n}{section.4.2}% 23
\BOOKMARK [2][-]{subsection.4.2.2}{\376\377\0004\000.\0002\000.\0002\000\040\000C\000o\000n\000s\000t\000r\000u\000c\000t\000o\000r\000\040\000\046\000\040\000D\000e\000s\000t\000r\000u\000c\000t\000o\000r\000\040\000D\000o\000c\000u\000m\000e\000n\000t\000a\000t\000i\000o\000n}{section.4.2}% 24
\BOOKMARK [3][-]{subsubsection.4.2.2.1}{\376\377\0004\000.\0002\000.\0002\000.\0001\000\040\000A\000E\000n\000e\000m\000y\000\050\000\051}{subsection.4.2.2}% 25
\BOOKMARK [2][-]{subsection.4.2.3}{\376\377\0004\000.\0002\000.\0003\000\040\000M\000e\000m\000b\000e\000r\000\040\000F\000u\000n\000c\000t\000i\000o\000n\000\040\000D\000o\000c\000u\000m\000e\000n\000t\000a\000t\000i\000o\000n}{section.4.2}% 26
\BOOKMARK [3][-]{subsubsection.4.2.3.1}{\376\377\0004\000.\0002\000.\0003\000.\0001\000\040\000A\000p\000p\000l\000y\000D\000i\000f\000f\000i\000c\000u\000l\000t\000y\000S\000c\000a\000l\000i\000n\000g\000\050\000\051}{subsection.4.2.3}% 27
\BOOKMARK [3][-]{subsubsection.4.2.3.2}{\376\377\0004\000.\0002\000.\0003\000.\0002\000\040\000A\000t\000t\000a\000c\000k\000\050\000\051}{subsection.4.2.3}% 28
\BOOKMARK [3][-]{subsubsection.4.2.3.3}{\376\377\0004\000.\0002\000.\0003\000.\0003\000\040\000B\000e\000g\000i\000n\000P\000l\000a\000y\000\050\000\051}{subsection.4.2.3}% 29
\BOOKMARK [3][-]{subsubsection.4.2.3.4}{\376\377\0004\000.\0002\000.\0003\000.\0004\000\040\000D\000E\000C\000L\000A\000R\000E\000\137\000D\000Y\000N\000A\000M\000I\000C\000\137\000M\000U\000L\000T\000I\000C\000A\000S\000T\000\137\000D\000E\000L\000E\000G\000A\000T\000E\000\050\000\051}{subsection.4.2.3}% 30
\BOOKMARK [3][-]{subsubsection.4.2.3.5}{\376\377\0004\000.\0002\000.\0003\000.\0005\000\040\000D\000E\000C\000L\000A\000R\000E\000\137\000D\000Y\000N\000A\000M\000I\000C\000\137\000M\000U\000L\000T\000I\000C\000A\000S\000T\000\137\000D\000E\000L\000E\000G\000A\000T\000E\000\137\000O\000n\000e\000P\000a\000r\000a\000m\000\050\000\051}{subsection.4.2.3}% 31
\BOOKMARK [3][-]{subsubsection.4.2.3.6}{\376\377\0004\000.\0002\000.\0003\000.\0006\000\040\000E\000n\000d\000P\000l\000a\000y\000\050\000\051}{subsection.4.2.3}% 32
\BOOKMARK [3][-]{subsubsection.4.2.3.7}{\376\377\0004\000.\0002\000.\0003\000.\0007\000\040\000G\000e\000t\000H\000e\000a\000l\000t\000h\000\050\000\051}{subsection.4.2.3}% 33
\BOOKMARK [3][-]{subsubsection.4.2.3.8}{\376\377\0004\000.\0002\000.\0003\000.\0008\000\040\000G\000e\000t\000L\000a\000s\000t\000I\000n\000s\000t\000i\000g\000a\000t\000o\000r\000\050\000\051}{subsection.4.2.3}% 34
\BOOKMARK [3][-]{subsubsection.4.2.3.9}{\376\377\0004\000.\0002\000.\0003\000.\0009\000\040\000G\000e\000t\000L\000i\000f\000e\000t\000i\000m\000e\000R\000e\000p\000l\000i\000c\000a\000t\000e\000d\000P\000r\000o\000p\000s\000\050\000\051}{subsection.4.2.3}% 35
\BOOKMARK [3][-]{subsubsection.4.2.3.10}{\376\377\0004\000.\0002\000.\0003\000.\0001\0000\000\040\000H\000a\000n\000d\000l\000e\000D\000e\000a\000t\000h\000\050\000\051}{subsection.4.2.3}% 36
\BOOKMARK [3][-]{subsubsection.4.2.3.11}{\376\377\0004\000.\0002\000.\0003\000.\0001\0001\000\040\000I\000s\000D\000e\000a\000d\000\050\000\051}{subsection.4.2.3}% 37
\BOOKMARK [3][-]{subsubsection.4.2.3.12}{\376\377\0004\000.\0002\000.\0003\000.\0001\0002\000\040\000O\000n\000R\000e\000p\000\137\000H\000e\000a\000l\000t\000h\000\050\000\051}{subsection.4.2.3}% 38
\BOOKMARK [3][-]{subsubsection.4.2.3.13}{\376\377\0004\000.\0002\000.\0003\000.\0001\0003\000\040\000R\000e\000c\000e\000i\000v\000e\000D\000a\000m\000a\000g\000e\000\050\000\051}{subsection.4.2.3}% 39
\BOOKMARK [3][-]{subsubsection.4.2.3.14}{\376\377\0004\000.\0002\000.\0003\000.\0001\0004\000\040\000R\000e\000c\000e\000i\000v\000e\000D\000a\000m\000a\000g\000e\000B\000P\000\050\000\051}{subsection.4.2.3}% 40
\BOOKMARK [3][-]{subsubsection.4.2.3.15}{\376\377\0004\000.\0002\000.\0003\000.\0001\0005\000\040\000S\000t\000a\000r\000t\000A\000t\000t\000a\000c\000k\000i\000n\000g\000\050\000\051}{subsection.4.2.3}% 41
\BOOKMARK [2][-]{subsection.4.2.4}{\376\377\0004\000.\0002\000.\0004\000\040\000M\000e\000m\000b\000e\000r\000\040\000D\000a\000t\000a\000\040\000D\000o\000c\000u\000m\000e\000n\000t\000a\000t\000i\000o\000n}{section.4.2}% 42
\BOOKMARK [3][-]{subsubsection.4.2.4.1}{\376\377\0004\000.\0002\000.\0004\000.\0001\000\040\000A\000c\000c\000e\000p\000t\000a\000n\000c\000e\000R\000a\000d\000i\000u\000s}{subsection.4.2.4}% 43
\BOOKMARK [3][-]{subsubsection.4.2.4.2}{\376\377\0004\000.\0002\000.\0004\000.\0002\000\040\000A\000r\000m\000o\000r}{subsection.4.2.4}% 44
\BOOKMARK [3][-]{subsubsection.4.2.4.3}{\376\377\0004\000.\0002\000.\0004\000.\0003\000\040\000A\000t\000t\000a\000c\000k\000D\000a\000m\000a\000g\000e}{subsection.4.2.4}% 45
\BOOKMARK [3][-]{subsubsection.4.2.4.4}{\376\377\0004\000.\0002\000.\0004\000.\0004\000\040\000A\000t\000t\000a\000c\000k\000R\000a\000t\000e}{subsection.4.2.4}% 46
\BOOKMARK [3][-]{subsubsection.4.2.4.5}{\376\377\0004\000.\0002\000.\0004\000.\0005\000\040\000A\000t\000t\000a\000c\000k\000T\000i\000m\000e\000r\000H\000a\000n\000d\000l\000e}{subsection.4.2.4}% 47
\BOOKMARK [3][-]{subsubsection.4.2.4.6}{\376\377\0004\000.\0002\000.\0004\000.\0006\000\040\000C\000u\000r\000r\000e\000n\000t\000H\000e\000a\000l\000t\000h}{subsection.4.2.4}% 48
\BOOKMARK [3][-]{subsubsection.4.2.4.7}{\376\377\0004\000.\0002\000.\0004\000.\0007\000\040\000D\000a\000m\000a\000g\000e\000C\000a\000p}{subsection.4.2.4}% 49
\BOOKMARK [3][-]{subsubsection.4.2.4.8}{\376\377\0004\000.\0002\000.\0004\000.\0008\000\040\000D\000a\000m\000a\000g\000e\000P\000c\000t\000P\000e\000r\000W\000a\000v\000e}{subsection.4.2.4}% 50
\BOOKMARK [3][-]{subsubsection.4.2.4.9}{\376\377\0004\000.\0002\000.\0004\000.\0009\000\040\000H\000e\000a\000l\000t\000h\000P\000c\000t\000P\000e\000r\000W\000a\000v\000e}{subsection.4.2.4}% 51
\BOOKMARK [3][-]{subsubsection.4.2.4.10}{\376\377\0004\000.\0002\000.\0004\000.\0001\0000\000\040\000L\000a\000s\000t\000D\000a\000m\000a\000g\000e\000I\000n\000s\000t\000i\000g\000a\000t\000o\000r}{subsection.4.2.4}% 52
\BOOKMARK [3][-]{subsubsection.4.2.4.11}{\376\377\0004\000.\0002\000.\0004\000.\0001\0001\000\040\000M\000a\000x\000H\000e\000a\000l\000t\000h}{subsection.4.2.4}% 53
\BOOKMARK [3][-]{subsubsection.4.2.4.12}{\376\377\0004\000.\0002\000.\0004\000.\0001\0002\000\040\000M\000a\000x\000H\000e\000a\000l\000t\000h\000C\000a\000p}{subsection.4.2.4}% 54
\BOOKMARK [3][-]{subsubsection.4.2.4.13}{\376\377\0004\000.\0002\000.\0004\000.\0001\0003\000\040\000M\000o\000n\000e\000y\000R\000e\000w\000a\000r\000d}{subsection.4.2.4}% 55
\BOOKMARK [3][-]{subsubsection.4.2.4.14}{\376\377\0004\000.\0002\000.\0004\000.\0001\0004\000\040\000M\000o\000v\000e\000S\000p\000e\000e\000d}{subsection.4.2.4}% 56
\BOOKMARK [3][-]{subsubsection.4.2.4.15}{\376\377\0004\000.\0002\000.\0004\000.\0001\0005\000\040\000O\000n\000D\000e\000a\000t\000h\000E\000v\000t}{subsection.4.2.4}% 57
\BOOKMARK [3][-]{subsubsection.4.2.4.16}{\376\377\0004\000.\0002\000.\0004\000.\0001\0006\000\040\000O\000n\000H\000e\000a\000l\000t\000h\000C\000h\000a\000n\000g\000e\000d}{subsection.4.2.4}% 58
\BOOKMARK [3][-]{subsubsection.4.2.4.17}{\376\377\0004\000.\0002\000.\0004\000.\0001\0007\000\040\000T\000a\000r\000g\000e\000t\000A\000c\000t\000o\000r}{subsection.4.2.4}% 59
\BOOKMARK [1][-]{section.4.3}{\376\377\0004\000.\0003\000\040\000A\000E\000n\000e\000m\000y\000A\000r\000m\000o\000r\000e\000d\000\040\000C\000l\000a\000s\000s\000\040\000R\000e\000f\000e\000r\000e\000n\000c\000e}{chapter.4}% 60
\BOOKMARK [2][-]{subsection.4.3.1}{\376\377\0004\000.\0003\000.\0001\000\040\000D\000e\000t\000a\000i\000l\000e\000d\000\040\000D\000e\000s\000c\000r\000i\000p\000t\000i\000o\000n}{section.4.3}% 61
\BOOKMARK [2][-]{subsection.4.3.2}{\376\377\0004\000.\0003\000.\0002\000\040\000C\000o\000n\000s\000t\000r\000u\000c\000t\000o\000r\000\040\000\046\000\040\000D\000e\000s\000t\000r\000u\000c\000t\000o\000r\000\040\000D\000o\000c\000u\000m\000e\000n\000t\000a\000t\000i\000o\000n}{section.4.3}% 62
\BOOKMARK [3][-]{subsubsection.4.3.2.1}{\376\377\0004\000.\0003\000.\0002\000.\0001\000\040\000A\000E\000n\000e\000m\000y\000A\000r\000m\000o\000r\000e\000d\000\050\000\051}{subsection.4.3.2}% 63
\BOOKMARK [2][-]{subsection.4.3.3}{\376\377\0004\000.\0003\000.\0003\000\040\000M\000e\000m\000b\000e\000r\000\040\000F\000u\000n\000c\000t\000i\000o\000n\000\040\000D\000o\000c\000u\000m\000e\000n\000t\000a\000t\000i\000o\000n}{section.4.3}% 64
\BOOKMARK [3][-]{subsubsection.4.3.3.1}{\376\377\0004\000.\0003\000.\0003\000.\0001\000\040\000A\000p\000p\000l\000y\000D\000i\000f\000f\000i\000c\000u\000l\000t\000y\000S\000c\000a\000l\000i\000n\000g\000\050\000\051}{subsection.4.3.3}% 65
\BOOKMARK [3][-]{subsubsection.4.3.3.2}{\376\377\0004\000.\0003\000.\0003\000.\0002\000\040\000D\000E\000C\000L\000A\000R\000E\000\137\000D\000Y\000N\000A\000M\000I\000C\000\137\000M\000U\000L\000T\000I\000C\000A\000S\000T\000\137\000D\000E\000L\000E\000G\000A\000T\000E\000\137\000O\000n\000e\000P\000a\000r\000a\000m\000\050\000\051}{subsection.4.3.3}% 66
\BOOKMARK [3][-]{subsubsection.4.3.3.3}{\376\377\0004\000.\0003\000.\0003\000.\0003\000\040\000R\000e\000c\000e\000i\000v\000e\000D\000a\000m\000a\000g\000e\000\050\000\051}{subsection.4.3.3}% 67
\BOOKMARK [2][-]{subsection.4.3.4}{\376\377\0004\000.\0003\000.\0004\000\040\000M\000e\000m\000b\000e\000r\000\040\000D\000a\000t\000a\000\040\000D\000o\000c\000u\000m\000e\000n\000t\000a\000t\000i\000o\000n}{section.4.3}% 68
\BOOKMARK [3][-]{subsubsection.4.3.4.1}{\376\377\0004\000.\0003\000.\0004\000.\0001\000\040\000O\000n\000A\000r\000m\000o\000r\000C\000h\000a\000n\000g\000e\000d}{subsection.4.3.4}% 69
\BOOKMARK [1][-]{section.4.4}{\376\377\0004\000.\0004\000\040\000A\000E\000n\000e\000m\000y\000B\000o\000s\000s\000\040\000C\000l\000a\000s\000s\000\040\000R\000e\000f\000e\000r\000e\000n\000c\000e}{chapter.4}% 70
\BOOKMARK [2][-]{subsection.4.4.1}{\376\377\0004\000.\0004\000.\0001\000\040\000D\000e\000t\000a\000i\000l\000e\000d\000\040\000D\000e\000s\000c\000r\000i\000p\000t\000i\000o\000n}{section.4.4}% 71
\BOOKMARK [2][-]{subsection.4.4.2}{\376\377\0004\000.\0004\000.\0002\000\040\000C\000o\000n\000s\000t\000r\000u\000c\000t\000o\000r\000\040\000\046\000\040\000D\000e\000s\000t\000r\000u\000c\000t\000o\000r\000\040\000D\000o\000c\000u\000m\000e\000n\000t\000a\000t\000i\000o\000n}{section.4.4}% 72
\BOOKMARK [3][-]{subsubsection.4.4.2.1}{\376\377\0004\000.\0004\000.\0002\000.\0001\000\040\000A\000E\000n\000e\000m\000y\000B\000o\000s\000s\000\050\000\051}{subsection.4.4.2}% 73
\BOOKMARK [2][-]{subsection.4.4.3}{\376\377\0004\000.\0004\000.\0003\000\040\000M\000e\000m\000b\000e\000r\000\040\000F\000u\000n\000c\000t\000i\000o\000n\000\040\000D\000o\000c\000u\000m\000e\000n\000t\000a\000t\000i\000o\000n}{section.4.4}% 74
\BOOKMARK [3][-]{subsubsection.4.4.3.1}{\376\377\0004\000.\0004\000.\0003\000.\0001\000\040\000A\000t\000t\000a\000c\000k\000\050\000\051}{subsection.4.4.3}% 75
\BOOKMARK [3][-]{subsubsection.4.4.3.2}{\376\377\0004\000.\0004\000.\0003\000.\0002\000\040\000G\000e\000t\000L\000a\000s\000t\000S\000p\000e\000c\000i\000a\000l\000A\000t\000t\000a\000c\000k\000T\000i\000m\000e\000\050\000\051}{subsection.4.4.3}% 76
\BOOKMARK [3][-]{subsubsection.4.4.3.3}{\376\377\0004\000.\0004\000.\0003\000.\0003\000\040\000G\000e\000t\000M\000a\000x\000H\000e\000a\000l\000t\000h\000\050\000\051}{subsection.4.4.3}% 77
\BOOKMARK [3][-]{subsubsection.4.4.3.4}{\376\377\0004\000.\0004\000.\0003\000.\0004\000\040\000G\000e\000t\000S\000p\000e\000c\000i\000a\000l\000A\000t\000t\000a\000c\000k\000C\000o\000o\000l\000d\000o\000w\000n\000\050\000\051}{subsection.4.4.3}% 78
\BOOKMARK [3][-]{subsubsection.4.4.3.5}{\376\377\0004\000.\0004\000.\0003\000.\0005\000\040\000P\000e\000r\000f\000o\000r\000m\000S\000p\000e\000c\000i\000a\000l\000A\000t\000t\000a\000c\000k\000\050\000\051}{subsection.4.4.3}% 79
\BOOKMARK [2][-]{subsection.4.4.4}{\376\377\0004\000.\0004\000.\0004\000\040\000M\000e\000m\000b\000e\000r\000\040\000D\000a\000t\000a\000\040\000D\000o\000c\000u\000m\000e\000n\000t\000a\000t\000i\000o\000n}{section.4.4}% 80
\BOOKMARK [3][-]{subsubsection.4.4.4.1}{\376\377\0004\000.\0004\000.\0004\000.\0001\000\040\000L\000a\000s\000t\000S\000p\000e\000c\000i\000a\000l\000A\000t\000t\000a\000c\000k\000T\000i\000m\000e}{subsection.4.4.4}% 81
\BOOKMARK [3][-]{subsubsection.4.4.4.2}{\376\377\0004\000.\0004\000.\0004\000.\0002\000\040\000S\000p\000e\000c\000i\000a\000l\000A\000t\000t\000a\000c\000k\000C\000o\000o\000l\000d\000o\000w\000n}{subsection.4.4.4}% 82
\BOOKMARK [3][-]{subsubsection.4.4.4.3}{\376\377\0004\000.\0004\000.\0004\000.\0003\000\040\000S\000p\000e\000c\000i\000a\000l\000A\000t\000t\000a\000c\000k\000D\000a\000m\000a\000g\000e}{subsection.4.4.4}% 83
\BOOKMARK [1][-]{section.4.5}{\376\377\0004\000.\0005\000\040\000A\000E\000n\000e\000m\000y\000F\000a\000s\000t\000\040\000C\000l\000a\000s\000s\000\040\000R\000e\000f\000e\000r\000e\000n\000c\000e}{chapter.4}% 84
\BOOKMARK [2][-]{subsection.4.5.1}{\376\377\0004\000.\0005\000.\0001\000\040\000D\000e\000t\000a\000i\000l\000e\000d\000\040\000D\000e\000s\000c\000r\000i\000p\000t\000i\000o\000n}{section.4.5}% 85
\BOOKMARK [2][-]{subsection.4.5.2}{\376\377\0004\000.\0005\000.\0002\000\040\000C\000o\000n\000s\000t\000r\000u\000c\000t\000o\000r\000\040\000\046\000\040\000D\000e\000s\000t\000r\000u\000c\000t\000o\000r\000\040\000D\000o\000c\000u\000m\000e\000n\000t\000a\000t\000i\000o\000n}{section.4.5}% 86
\BOOKMARK [3][-]{subsubsection.4.5.2.1}{\376\377\0004\000.\0005\000.\0002\000.\0001\000\040\000A\000E\000n\000e\000m\000y\000F\000a\000s\000t\000\050\000\051}{subsection.4.5.2}% 87
\BOOKMARK [2][-]{subsection.4.5.3}{\376\377\0004\000.\0005\000.\0003\000\040\000M\000e\000m\000b\000e\000r\000\040\000F\000u\000n\000c\000t\000i\000o\000n\000\040\000D\000o\000c\000u\000m\000e\000n\000t\000a\000t\000i\000o\000n}{section.4.5}% 88
\BOOKMARK [3][-]{subsubsection.4.5.3.1}{\376\377\0004\000.\0005\000.\0003\000.\0001\000\040\000G\000e\000t\000M\000o\000v\000e\000S\000p\000e\000e\000d\000F\000a\000s\000t\000\050\000\051}{subsection.4.5.3}% 89
\BOOKMARK [1][-]{section.4.6}{\376\377\0004\000.\0006\000\040\000A\000M\000y\000P\000r\000o\000j\000e\000c\000t\000C\000h\000a\000r\000a\000c\000t\000e\000r\000\040\000C\000l\000a\000s\000s\000\040\000R\000e\000f\000e\000r\000e\000n\000c\000e}{chapter.4}% 90
\BOOKMARK [2][-]{subsection.4.6.1}{\376\377\0004\000.\0006\000.\0001\000\040\000D\000e\000t\000a\000i\000l\000e\000d\000\040\000D\000e\000s\000c\000r\000i\000p\000t\000i\000o\000n}{section.4.6}% 91
\BOOKMARK [2][-]{subsection.4.6.2}{\376\377\0004\000.\0006\000.\0002\000\040\000C\000o\000n\000s\000t\000r\000u\000c\000t\000o\000r\000\040\000\046\000\040\000D\000e\000s\000t\000r\000u\000c\000t\000o\000r\000\040\000D\000o\000c\000u\000m\000e\000n\000t\000a\000t\000i\000o\000n}{section.4.6}% 92
\BOOKMARK [3][-]{subsubsection.4.6.2.1}{\376\377\0004\000.\0006\000.\0002\000.\0001\000\040\000A\000M\000y\000P\000r\000o\000j\000e\000c\000t\000C\000h\000a\000r\000a\000c\000t\000e\000r\000\050\000\051}{subsection.4.6.2}% 93
\BOOKMARK [2][-]{subsection.4.6.3}{\376\377\0004\000.\0006\000.\0003\000\040\000M\000e\000m\000b\000e\000r\000\040\000F\000u\000n\000c\000t\000i\000o\000n\000\040\000D\000o\000c\000u\000m\000e\000n\000t\000a\000t\000i\000o\000n}{section.4.6}% 94
\BOOKMARK [3][-]{subsubsection.4.6.3.1}{\376\377\0004\000.\0006\000.\0003\000.\0001\000\040\000G\000e\000t\000C\000a\000m\000e\000r\000a\000B\000o\000o\000m\000\050\000\051}{subsection.4.6.3}% 95
\BOOKMARK [3][-]{subsubsection.4.6.3.2}{\376\377\0004\000.\0006\000.\0003\000.\0002\000\040\000G\000e\000t\000T\000o\000p\000D\000o\000w\000n\000C\000a\000m\000e\000r\000a\000C\000o\000m\000p\000o\000n\000e\000n\000t\000\050\000\051}{subsection.4.6.3}% 96
\BOOKMARK [1][-]{section.4.7}{\376\377\0004\000.\0007\000\040\000A\000M\000y\000P\000r\000o\000j\000e\000c\000t\000G\000a\000m\000e\000M\000o\000d\000e\000\040\000C\000l\000a\000s\000s\000\040\000R\000e\000f\000e\000r\000e\000n\000c\000e}{chapter.4}% 97
\BOOKMARK [2][-]{subsection.4.7.1}{\376\377\0004\000.\0007\000.\0001\000\040\000D\000e\000t\000a\000i\000l\000e\000d\000\040\000D\000e\000s\000c\000r\000i\000p\000t\000i\000o\000n}{section.4.7}% 98
\BOOKMARK [2][-]{subsection.4.7.2}{\376\377\0004\000.\0007\000.\0002\000\040\000M\000e\000m\000b\000e\000r\000\040\000F\000u\000n\000c\000t\000i\000o\000n\000\040\000D\000o\000c\000u\000m\000e\000n\000t\000a\000t\000i\000o\000n}{section.4.7}% 99
\BOOKMARK [3][-]{subsubsection.4.7.2.1}{\376\377\0004\000.\0007\000.\0002\000.\0001\000\040\000B\000e\000g\000i\000n\000P\000l\000a\000y\000\050\000\051}{subsection.4.7.2}% 100
\BOOKMARK [3][-]{subsubsection.4.7.2.2}{\376\377\0004\000.\0007\000.\0002\000.\0002\000\040\000C\000a\000l\000c\000I\000n\000i\000t\000i\000a\000l\000W\000a\000v\000e\000S\000i\000z\000e\000\050\000\051}{subsection.4.7.2}% 101
\BOOKMARK [1][-]{section.4.8}{\376\377\0004\000.\0008\000\040\000A\000M\000y\000P\000r\000o\000j\000e\000c\000t\000P\000l\000a\000y\000e\000r\000C\000o\000n\000t\000r\000o\000l\000l\000e\000r\000\040\000C\000l\000a\000s\000s\000\040\000R\000e\000f\000e\000r\000e\000n\000c\000e}{chapter.4}% 102
\BOOKMARK [2][-]{subsection.4.8.1}{\376\377\0004\000.\0008\000.\0001\000\040\000D\000e\000t\000a\000i\000l\000e\000d\000\040\000D\000e\000s\000c\000r\000i\000p\000t\000i\000o\000n}{section.4.8}% 103
\BOOKMARK [2][-]{subsection.4.8.2}{\376\377\0004\000.\0008\000.\0002\000\040\000C\000o\000n\000s\000t\000r\000u\000c\000t\000o\000r\000\040\000\046\000\040\000D\000e\000s\000t\000r\000u\000c\000t\000o\000r\000\040\000D\000o\000c\000u\000m\000e\000n\000t\000a\000t\000i\000o\000n}{section.4.8}% 104
\BOOKMARK [3][-]{subsubsection.4.8.2.1}{\376\377\0004\000.\0008\000.\0002\000.\0001\000\040\000A\000M\000y\000P\000r\000o\000j\000e\000c\000t\000P\000l\000a\000y\000e\000r\000C\000o\000n\000t\000r\000o\000l\000l\000e\000r\000\050\000\051}{subsection.4.8.2}% 105
\BOOKMARK [2][-]{subsection.4.8.3}{\376\377\0004\000.\0008\000.\0003\000\040\000M\000e\000m\000b\000e\000r\000\040\000F\000u\000n\000c\000t\000i\000o\000n\000\040\000D\000o\000c\000u\000m\000e\000n\000t\000a\000t\000i\000o\000n}{section.4.8}% 106
\BOOKMARK [3][-]{subsubsection.4.8.3.1}{\376\377\0004\000.\0008\000.\0003\000.\0001\000\040\000S\000e\000t\000u\000p\000I\000n\000p\000u\000t\000C\000o\000m\000p\000o\000n\000e\000n\000t\000\050\000\051}{subsection.4.8.3}% 107
\BOOKMARK [2][-]{subsection.4.8.4}{\376\377\0004\000.\0008\000.\0004\000\040\000M\000e\000m\000b\000e\000r\000\040\000D\000a\000t\000a\000\040\000D\000o\000c\000u\000m\000e\000n\000t\000a\000t\000i\000o\000n}{section.4.8}% 108
\BOOKMARK [3][-]{subsubsection.4.8.4.1}{\376\377\0004\000.\0008\000.\0004\000.\0001\000\040\000D\000e\000f\000a\000u\000l\000t\000M\000a\000p\000p\000i\000n\000g\000C\000o\000n\000t\000e\000x\000t}{subsection.4.8.4}% 109
\BOOKMARK [3][-]{subsubsection.4.8.4.2}{\376\377\0004\000.\0008\000.\0004\000.\0002\000\040\000F\000X\000C\000u\000r\000s\000o\000r}{subsection.4.8.4}% 110
\BOOKMARK [3][-]{subsubsection.4.8.4.3}{\376\377\0004\000.\0008\000.\0004\000.\0003\000\040\000S\000h\000o\000r\000t\000P\000r\000e\000s\000s\000T\000h\000r\000e\000s\000h\000o\000l\000d}{subsection.4.8.4}% 111
\BOOKMARK [3][-]{subsubsection.4.8.4.4}{\376\377\0004\000.\0008\000.\0004\000.\0004\000\040\000S\000p\000a\000w\000n\000T\000o\000w\000e\000r\000A\000c\000t\000i\000o\000n}{subsection.4.8.4}% 112
\BOOKMARK [3][-]{subsubsection.4.8.4.5}{\376\377\0004\000.\0008\000.\0004\000.\0005\000\040\000T\000o\000w\000e\000r\000T\000o\000S\000p\000a\000w\000n}{subsection.4.8.4}% 113
\BOOKMARK [1][-]{section.4.9}{\376\377\0004\000.\0009\000\040\000A\000P\000r\000o\000j\000e\000c\000t\000i\000l\000e\000\040\000C\000l\000a\000s\000s\000\040\000R\000e\000f\000e\000r\000e\000n\000c\000e}{chapter.4}% 114
\BOOKMARK [2][-]{subsection.4.9.1}{\376\377\0004\000.\0009\000.\0001\000\040\000D\000e\000t\000a\000i\000l\000e\000d\000\040\000D\000e\000s\000c\000r\000i\000p\000t\000i\000o\000n}{section.4.9}% 115
\BOOKMARK [2][-]{subsection.4.9.2}{\376\377\0004\000.\0009\000.\0002\000\040\000C\000o\000n\000s\000t\000r\000u\000c\000t\000o\000r\000\040\000\046\000\040\000D\000e\000s\000t\000r\000u\000c\000t\000o\000r\000\040\000D\000o\000c\000u\000m\000e\000n\000t\000a\000t\000i\000o\000n}{section.4.9}% 116
\BOOKMARK [3][-]{subsubsection.4.9.2.1}{\376\377\0004\000.\0009\000.\0002\000.\0001\000\040\000A\000P\000r\000o\000j\000e\000c\000t\000i\000l\000e\000\050\000\051}{subsection.4.9.2}% 117
\BOOKMARK [2][-]{subsection.4.9.3}{\376\377\0004\000.\0009\000.\0003\000\040\000M\000e\000m\000b\000e\000r\000\040\000F\000u\000n\000c\000t\000i\000o\000n\000\040\000D\000o\000c\000u\000m\000e\000n\000t\000a\000t\000i\000o\000n}{section.4.9}% 118
\BOOKMARK [3][-]{subsubsection.4.9.3.1}{\376\377\0004\000.\0009\000.\0003\000.\0001\000\040\000G\000e\000t\000D\000a\000m\000a\000g\000e\000\050\000\051}{subsection.4.9.3}% 119
\BOOKMARK [3][-]{subsubsection.4.9.3.2}{\376\377\0004\000.\0009\000.\0003\000.\0002\000\040\000G\000e\000t\000L\000i\000f\000e\000T\000i\000m\000e\000\050\000\051}{subsection.4.9.3}% 120
\BOOKMARK [3][-]{subsubsection.4.9.3.3}{\376\377\0004\000.\0009\000.\0003\000.\0003\000\040\000G\000e\000t\000S\000p\000e\000e\000d\000\050\000\051}{subsection.4.9.3}% 121
\BOOKMARK [3][-]{subsubsection.4.9.3.4}{\376\377\0004\000.\0009\000.\0003\000.\0004\000\040\000I\000n\000i\000t\000P\000r\000o\000j\000e\000c\000t\000i\000l\000e\000\050\000\051}{subsection.4.9.3}% 122
\BOOKMARK [2][-]{subsection.4.9.4}{\376\377\0004\000.\0009\000.\0004\000\040\000M\000e\000m\000b\000e\000r\000\040\000D\000a\000t\000a\000\040\000D\000o\000c\000u\000m\000e\000n\000t\000a\000t\000i\000o\000n}{section.4.9}% 123
\BOOKMARK [3][-]{subsubsection.4.9.4.1}{\376\377\0004\000.\0009\000.\0004\000.\0001\000\040\000C\000o\000l\000l\000i\000s\000i\000o\000n}{subsection.4.9.4}% 124
\BOOKMARK [3][-]{subsubsection.4.9.4.2}{\376\377\0004\000.\0009\000.\0004\000.\0002\000\040\000D\000a\000m\000a\000g\000e}{subsection.4.9.4}% 125
\BOOKMARK [3][-]{subsubsection.4.9.4.3}{\376\377\0004\000.\0009\000.\0004\000.\0003\000\040\000L\000i\000f\000e\000S\000e\000c\000o\000n\000d\000s}{subsection.4.9.4}% 126
\BOOKMARK [3][-]{subsubsection.4.9.4.4}{\376\377\0004\000.\0009\000.\0004\000.\0004\000\040\000M\000o\000v\000e\000C\000o\000m\000p}{subsection.4.9.4}% 127
\BOOKMARK [1][-]{section.4.10}{\376\377\0004\000.\0001\0000\000\040\000A\000S\000p\000a\000w\000n\000P\000o\000i\000n\000t\000\040\000C\000l\000a\000s\000s\000\040\000R\000e\000f\000e\000r\000e\000n\000c\000e}{chapter.4}% 128
\BOOKMARK [2][-]{subsection.4.10.1}{\376\377\0004\000.\0001\0000\000.\0001\000\040\000D\000e\000t\000a\000i\000l\000e\000d\000\040\000D\000e\000s\000c\000r\000i\000p\000t\000i\000o\000n}{section.4.10}% 129
\BOOKMARK [2][-]{subsection.4.10.2}{\376\377\0004\000.\0001\0000\000.\0002\000\040\000C\000o\000n\000s\000t\000r\000u\000c\000t\000o\000r\000\040\000\046\000\040\000D\000e\000s\000t\000r\000u\000c\000t\000o\000r\000\040\000D\000o\000c\000u\000m\000e\000n\000t\000a\000t\000i\000o\000n}{section.4.10}% 130
\BOOKMARK [3][-]{subsubsection.4.10.2.1}{\376\377\0004\000.\0001\0000\000.\0002\000.\0001\000\040\000A\000S\000p\000a\000w\000n\000P\000o\000i\000n\000t\000\050\000\051}{subsection.4.10.2}% 131
\BOOKMARK [2][-]{subsection.4.10.3}{\376\377\0004\000.\0001\0000\000.\0003\000\040\000M\000e\000m\000b\000e\000r\000\040\000F\000u\000n\000c\000t\000i\000o\000n\000\040\000D\000o\000c\000u\000m\000e\000n\000t\000a\000t\000i\000o\000n}{section.4.10}% 132
\BOOKMARK [3][-]{subsubsection.4.10.3.1}{\376\377\0004\000.\0001\0000\000.\0003\000.\0001\000\040\000B\000e\000g\000i\000n\000P\000l\000a\000y\000\050\000\051}{subsection.4.10.3}% 133
\BOOKMARK [3][-]{subsubsection.4.10.3.2}{\376\377\0004\000.\0001\0000\000.\0003\000.\0002\000\040\000G\000e\000t\000N\000e\000x\000t\000E\000n\000e\000m\000y\000S\000t\000r\000e\000n\000g\000t\000h\000M\000u\000l\000t\000i\000p\000l\000i\000e\000r\000\050\000\051}{subsection.4.10.3}% 134
\BOOKMARK [3][-]{subsubsection.4.10.3.3}{\376\377\0004\000.\0001\0000\000.\0003\000.\0003\000\040\000O\000n\000E\000n\000e\000m\000y\000S\000p\000a\000w\000n\000e\000d\000B\000P\000\050\000\051}{subsection.4.10.3}% 135
\BOOKMARK [3][-]{subsubsection.4.10.3.4}{\376\377\0004\000.\0001\0000\000.\0003\000.\0004\000\040\000S\000t\000a\000r\000t\000W\000a\000v\000e\000\050\000\051}{subsection.4.10.3}% 136
\BOOKMARK [3][-]{subsubsection.4.10.3.5}{\376\377\0004\000.\0001\0000\000.\0003\000.\0005\000\040\000S\000t\000o\000p\000W\000a\000v\000e\000\050\000\051}{subsection.4.10.3}% 137
\BOOKMARK [2][-]{subsection.4.10.4}{\376\377\0004\000.\0001\0000\000.\0004\000\040\000M\000e\000m\000b\000e\000r\000\040\000D\000a\000t\000a\000\040\000D\000o\000c\000u\000m\000e\000n\000t\000a\000t\000i\000o\000n}{section.4.10}% 138
\BOOKMARK [3][-]{subsubsection.4.10.4.1}{\376\377\0004\000.\0001\0000\000.\0004\000.\0001\000\040\000A\000r\000m\000o\000r\000e\000d\000C\000h\000a\000n\000c\000e}{subsection.4.10.4}% 139
\BOOKMARK [3][-]{subsubsection.4.10.4.2}{\376\377\0004\000.\0001\0000\000.\0004\000.\0002\000\040\000A\000r\000m\000o\000r\000e\000d\000E\000n\000e\000m\000y\000C\000l\000a\000s\000s}{subsection.4.10.4}% 140
\BOOKMARK [3][-]{subsubsection.4.10.4.3}{\376\377\0004\000.\0001\0000\000.\0004\000.\0003\000\040\000b\000A\000u\000t\000o\000S\000t\000a\000r\000t\000W\000a\000v\000e}{subsection.4.10.4}% 141
\BOOKMARK [3][-]{subsubsection.4.10.4.4}{\376\377\0004\000.\0001\0000\000.\0004\000.\0004\000\040\000B\000o\000s\000s\000E\000n\000e\000m\000y\000C\000l\000a\000s\000s}{subsection.4.10.4}% 142
\BOOKMARK [3][-]{subsubsection.4.10.4.5}{\376\377\0004\000.\0001\0000\000.\0004\000.\0005\000\040\000C\000o\000m\000m\000o\000n\000E\000n\000e\000m\000y\000T\000y\000p\000e\000s}{subsection.4.10.4}% 143
\BOOKMARK [3][-]{subsubsection.4.10.4.6}{\376\377\0004\000.\0001\0000\000.\0004\000.\0006\000\040\000C\000o\000m\000m\000o\000n\000W\000e\000i\000g\000h\000t\000s}{subsection.4.10.4}% 144
\BOOKMARK [3][-]{subsubsection.4.10.4.7}{\376\377\0004\000.\0001\0000\000.\0004\000.\0007\000\040\000D\000e\000f\000a\000u\000l\000t\000W\000a\000v\000e\000S\000i\000z\000e}{subsection.4.10.4}% 145
\BOOKMARK [3][-]{subsubsection.4.10.4.8}{\376\377\0004\000.\0001\0000\000.\0004\000.\0008\000\040\000F\000a\000s\000t\000C\000h\000a\000n\000c\000e}{subsection.4.10.4}% 146
\BOOKMARK [3][-]{subsubsection.4.10.4.9}{\376\377\0004\000.\0001\0000\000.\0004\000.\0009\000\040\000F\000a\000s\000t\000E\000n\000e\000m\000y\000C\000l\000a\000s\000s}{subsection.4.10.4}% 147
\BOOKMARK [3][-]{subsubsection.4.10.4.10}{\376\377\0004\000.\0001\0000\000.\0004\000.\0001\0000\000\040\000S\000p\000a\000w\000n\000I\000n\000t\000e\000r\000v\000a\000l}{subsection.4.10.4}% 148
\BOOKMARK [3][-]{subsubsection.4.10.4.11}{\376\377\0004\000.\0001\0000\000.\0004\000.\0001\0001\000\040\000S\000p\000a\000w\000n\000O\000f\000f\000s\000e\000t\000D\000i\000s\000t\000a\000n\000c\000e}{subsection.4.10.4}% 149
\BOOKMARK [3][-]{subsubsection.4.10.4.12}{\376\377\0004\000.\0001\0000\000.\0004\000.\0001\0002\000\040\000S\000p\000a\000w\000n\000R\000o\000o\000t}{subsection.4.10.4}% 150
\BOOKMARK [3][-]{subsubsection.4.10.4.13}{\376\377\0004\000.\0001\0000\000.\0004\000.\0001\0003\000\040\000S\000t\000r\000e\000n\000g\000t\000h\000I\000n\000c\000r\000e\000a\000s\000e\000P\000e\000r\000S\000p\000a\000w\000n}{subsection.4.10.4}% 151
\BOOKMARK [1][-]{section.4.11}{\376\377\0004\000.\0001\0001\000\040\000A\000T\000D\000P\000l\000a\000y\000e\000r\000S\000t\000a\000t\000e\000\040\000C\000l\000a\000s\000s\000\040\000R\000e\000f\000e\000r\000e\000n\000c\000e}{chapter.4}% 152
\BOOKMARK [2][-]{subsection.4.11.1}{\376\377\0004\000.\0001\0001\000.\0001\000\040\000D\000e\000t\000a\000i\000l\000e\000d\000\040\000D\000e\000s\000c\000r\000i\000p\000t\000i\000o\000n}{section.4.11}% 153
\BOOKMARK [2][-]{subsection.4.11.2}{\376\377\0004\000.\0001\0001\000.\0002\000\040\000C\000o\000n\000s\000t\000r\000u\000c\000t\000o\000r\000\040\000\046\000\040\000D\000e\000s\000t\000r\000u\000c\000t\000o\000r\000\040\000D\000o\000c\000u\000m\000e\000n\000t\000a\000t\000i\000o\000n}{section.4.11}% 154
\BOOKMARK [3][-]{subsubsection.4.11.2.1}{\376\377\0004\000.\0001\0001\000.\0002\000.\0001\000\040\000A\000T\000D\000P\000l\000a\000y\000e\000r\000S\000t\000a\000t\000e\000\050\000\051}{subsection.4.11.2}% 155
\BOOKMARK [2][-]{subsection.4.11.3}{\376\377\0004\000.\0001\0001\000.\0003\000\040\000M\000e\000m\000b\000e\000r\000\040\000F\000u\000n\000c\000t\000i\000o\000n\000\040\000D\000o\000c\000u\000m\000e\000n\000t\000a\000t\000i\000o\000n}{section.4.11}% 156
\BOOKMARK [3][-]{subsubsection.4.11.3.1}{\376\377\0004\000.\0001\0001\000.\0003\000.\0001\000\040\000A\000d\000d\000M\000o\000n\000e\000y\000\050\000\051}{subsection.4.11.3}% 157
\BOOKMARK [3][-]{subsubsection.4.11.3.2}{\376\377\0004\000.\0001\0001\000.\0003\000.\0002\000\040\000G\000e\000t\000L\000i\000f\000e\000t\000i\000m\000e\000R\000e\000p\000l\000i\000c\000a\000t\000e\000d\000P\000r\000o\000p\000s\000\050\000\051}{subsection.4.11.3}% 158
\BOOKMARK [3][-]{subsubsection.4.11.3.3}{\376\377\0004\000.\0001\0001\000.\0003\000.\0003\000\040\000G\000e\000t\000M\000o\000n\000e\000y\000\050\000\051}{subsection.4.11.3}% 159
\BOOKMARK [3][-]{subsubsection.4.11.3.4}{\376\377\0004\000.\0001\0001\000.\0003\000.\0004\000\040\000O\000n\000R\000e\000p\000\137\000M\000o\000n\000e\000y\000\050\000\051}{subsection.4.11.3}% 160
\BOOKMARK [3][-]{subsubsection.4.11.3.5}{\376\377\0004\000.\0001\0001\000.\0003\000.\0005\000\040\000S\000p\000e\000n\000d\000M\000o\000n\000e\000y\000\050\000\051}{subsection.4.11.3}% 161
\BOOKMARK [2][-]{subsection.4.11.4}{\376\377\0004\000.\0001\0001\000.\0004\000\040\000M\000e\000m\000b\000e\000r\000\040\000D\000a\000t\000a\000\040\000D\000o\000c\000u\000m\000e\000n\000t\000a\000t\000i\000o\000n}{section.4.11}% 162
\BOOKMARK [3][-]{subsubsection.4.11.4.1}{\376\377\0004\000.\0001\0001\000.\0004\000.\0001\000\040\000O\000n\000M\000o\000n\000e\000y\000C\000h\000a\000n\000g\000e\000d}{subsection.4.11.4}% 163
\BOOKMARK [1][-]{section.4.12}{\376\377\0004\000.\0001\0002\000\040\000A\000T\000o\000w\000e\000r\000\040\000C\000l\000a\000s\000s\000\040\000R\000e\000f\000e\000r\000e\000n\000c\000e}{chapter.4}% 164
\BOOKMARK [2][-]{subsection.4.12.1}{\376\377\0004\000.\0001\0002\000.\0001\000\040\000D\000e\000t\000a\000i\000l\000e\000d\000\040\000D\000e\000s\000c\000r\000i\000p\000t\000i\000o\000n}{section.4.12}% 165
\BOOKMARK [2][-]{subsection.4.12.2}{\376\377\0004\000.\0001\0002\000.\0002\000\040\000C\000o\000n\000s\000t\000r\000u\000c\000t\000o\000r\000\040\000\046\000\040\000D\000e\000s\000t\000r\000u\000c\000t\000o\000r\000\040\000D\000o\000c\000u\000m\000e\000n\000t\000a\000t\000i\000o\000n}{section.4.12}% 166
\BOOKMARK [3][-]{subsubsection.4.12.2.1}{\376\377\0004\000.\0001\0002\000.\0002\000.\0001\000\040\000A\000T\000o\000w\000e\000r\000\050\000\051}{subsection.4.12.2}% 167
\BOOKMARK [2][-]{subsection.4.12.3}{\376\377\0004\000.\0001\0002\000.\0003\000\040\000M\000e\000m\000b\000e\000r\000\040\000F\000u\000n\000c\000t\000i\000o\000n\000\040\000D\000o\000c\000u\000m\000e\000n\000t\000a\000t\000i\000o\000n}{section.4.12}% 168
\BOOKMARK [3][-]{subsubsection.4.12.3.1}{\376\377\0004\000.\0001\0002\000.\0003\000.\0001\000\040\000B\000e\000g\000i\000n\000P\000l\000a\000y\000\050\000\051}{subsection.4.12.3}% 169
\BOOKMARK [3][-]{subsubsection.4.12.3.2}{\376\377\0004\000.\0001\0002\000.\0003\000.\0002\000\040\000G\000e\000t\000D\000a\000m\000a\000g\000e\000\050\000\051}{subsection.4.12.3}% 170
\BOOKMARK [3][-]{subsubsection.4.12.3.3}{\376\377\0004\000.\0001\0002\000.\0003\000.\0003\000\040\000G\000e\000t\000F\000i\000r\000e\000I\000n\000t\000e\000r\000v\000a\000l\000\050\000\051}{subsection.4.12.3}% 171
\BOOKMARK [3][-]{subsubsection.4.12.3.4}{\376\377\0004\000.\0001\0002\000.\0003\000.\0004\000\040\000G\000e\000t\000T\000o\000w\000e\000r\000L\000e\000v\000e\000l\000\050\000\051}{subsection.4.12.3}% 172
\BOOKMARK [3][-]{subsubsection.4.12.3.5}{\376\377\0004\000.\0001\0002\000.\0003\000.\0005\000\040\000U\000p\000g\000r\000a\000d\000e\000\050\000\051}{subsection.4.12.3}% 173
\BOOKMARK [2][-]{subsection.4.12.4}{\376\377\0004\000.\0001\0002\000.\0004\000\040\000M\000e\000m\000b\000e\000r\000\040\000D\000a\000t\000a\000\040\000D\000o\000c\000u\000m\000e\000n\000t\000a\000t\000i\000o\000n}{section.4.12}% 174
\BOOKMARK [3][-]{subsubsection.4.12.4.1}{\376\377\0004\000.\0001\0002\000.\0004\000.\0001\000\040\000F\000i\000r\000e\000I\000n\000t\000e\000r\000v\000a\000l}{subsection.4.12.4}% 175
\BOOKMARK [3][-]{subsubsection.4.12.4.2}{\376\377\0004\000.\0001\0002\000.\0004\000.\0002\000\040\000F\000i\000r\000e\000R\000a\000n\000g\000e}{subsection.4.12.4}% 176
\BOOKMARK [3][-]{subsubsection.4.12.4.3}{\376\377\0004\000.\0001\0002\000.\0004\000.\0003\000\040\000L\000e\000v\000e\000l}{subsection.4.12.4}% 177
\BOOKMARK [3][-]{subsubsection.4.12.4.4}{\376\377\0004\000.\0001\0002\000.\0004\000.\0004\000\040\000M\000u\000z\000z\000l\000e}{subsection.4.12.4}% 178
\BOOKMARK [3][-]{subsubsection.4.12.4.5}{\376\377\0004\000.\0001\0002\000.\0004\000.\0005\000\040\000P\000r\000o\000j\000e\000c\000t\000i\000l\000e\000C\000l\000a\000s\000s}{subsection.4.12.4}% 179
\BOOKMARK [3][-]{subsubsection.4.12.4.6}{\376\377\0004\000.\0001\0002\000.\0004\000.\0006\000\040\000P\000r\000o\000j\000e\000c\000t\000i\000l\000e\000D\000a\000m\000a\000g\000e}{subsection.4.12.4}% 180
\BOOKMARK [3][-]{subsubsection.4.12.4.7}{\376\377\0004\000.\0001\0002\000.\0004\000.\0007\000\040\000P\000r\000o\000j\000e\000c\000t\000i\000l\000e\000S\000p\000e\000e\000d}{subsection.4.12.4}% 181
\BOOKMARK [3][-]{subsubsection.4.12.4.8}{\376\377\0004\000.\0001\0002\000.\0004\000.\0008\000\040\000T\000o\000w\000e\000r\000M\000e\000s\000h}{subsection.4.12.4}% 182
\BOOKMARK [3][-]{subsubsection.4.12.4.9}{\376\377\0004\000.\0001\0002\000.\0004\000.\0009\000\040\000U\000p\000g\000r\000a\000d\000e\000C\000o\000s\000t}{subsection.4.12.4}% 183
\BOOKMARK [0][-]{chapter.5}{\376\377\0005\000\040\000F\000i\000l\000e\000\040\000D\000o\000c\000u\000m\000e\000n\000t\000a\000t\000i\000o\000n}{}% 184
\BOOKMARK [1][-]{section.5.1}{\376\377\0005\000.\0001\000\040\000B\000a\000s\000e\000.\000h\000\040\000F\000i\000l\000e\000\040\000R\000e\000f\000e\000r\000e\000n\000c\000e}{chapter.5}% 185
\BOOKMARK [1][-]{section.5.2}{\376\377\0005\000.\0002\000\040\000B\000a\000s\000e\000.\000h}{chapter.5}% 186
\BOOKMARK [1][-]{section.5.3}{\376\377\0005\000.\0003\000\040\000E\000n\000e\000m\000y\000.\000h\000\040\000F\000i\000l\000e\000\040\000R\000e\000f\000e\000r\000e\000n\000c\000e}{chapter.5}% 187
\BOOKMARK [1][-]{section.5.4}{\376\377\0005\000.\0004\000\040\000E\000n\000e\000m\000y\000.\000h}{chapter.5}% 188
\BOOKMARK [1][-]{section.5.5}{\376\377\0005\000.\0005\000\040\000E\000n\000e\000m\000y\000A\000r\000m\000o\000r\000e\000d\000.\000h\000\040\000F\000i\000l\000e\000\040\000R\000e\000f\000e\000r\000e\000n\000c\000e}{chapter.5}% 189
\BOOKMARK [1][-]{section.5.6}{\376\377\0005\000.\0006\000\040\000E\000n\000e\000m\000y\000A\000r\000m\000o\000r\000e\000d\000.\000h}{chapter.5}% 190
\BOOKMARK [1][-]{section.5.7}{\376\377\0005\000.\0007\000\040\000E\000n\000e\000m\000y\000B\000o\000s\000s\000.\000h\000\040\000F\000i\000l\000e\000\040\000R\000e\000f\000e\000r\000e\000n\000c\000e}{chapter.5}% 191
\BOOKMARK [1][-]{section.5.8}{\376\377\0005\000.\0008\000\040\000E\000n\000e\000m\000y\000B\000o\000s\000s\000.\000h}{chapter.5}% 192
\BOOKMARK [1][-]{section.5.9}{\376\377\0005\000.\0009\000\040\000E\000n\000e\000m\000y\000F\000a\000s\000t\000.\000h\000\040\000F\000i\000l\000e\000\040\000R\000e\000f\000e\000r\000e\000n\000c\000e}{chapter.5}% 193
\BOOKMARK [1][-]{section.5.10}{\376\377\0005\000.\0001\0000\000\040\000E\000n\000e\000m\000y\000F\000a\000s\000t\000.\000h}{chapter.5}% 194
\BOOKMARK [1][-]{section.5.11}{\376\377\0005\000.\0001\0001\000\040\000M\000y\000P\000r\000o\000j\000e\000c\000t\000.\000h\000\040\000F\000i\000l\000e\000\040\000R\000e\000f\000e\000r\000e\000n\000c\000e}{chapter.5}% 195
\BOOKMARK [2][-]{subsection.5.11.1}{\376\377\0005\000.\0001\0001\000.\0001\000\040\000D\000e\000t\000a\000i\000l\000e\000d\000\040\000D\000e\000s\000c\000r\000i\000p\000t\000i\000o\000n}{section.5.11}% 196
\BOOKMARK [2][-]{subsection.5.11.2}{\376\377\0005\000.\0001\0001\000.\0002\000\040\000F\000u\000n\000c\000t\000i\000o\000n\000\040\000D\000o\000c\000u\000m\000e\000n\000t\000a\000t\000i\000o\000n}{section.5.11}% 197
\BOOKMARK [3][-]{subsubsection.5.11.2.1}{\376\377\0005\000.\0001\0001\000.\0002\000.\0001\000\040\000D\000E\000C\000L\000A\000R\000E\000\137\000L\000O\000G\000\137\000C\000A\000T\000E\000G\000O\000R\000Y\000\137\000E\000X\000T\000E\000R\000N\000\050\000\051}{subsection.5.11.2}% 198
\BOOKMARK [3][-]{subsubsection.5.11.2.2}{\376\377\0005\000.\0001\0001\000.\0002\000.\0002\000\040\000M\000y\000P\000r\000o\000j\000e\000c\000t\000L\000o\000g\000\050\000\051}{subsection.5.11.2}% 199
\BOOKMARK [1][-]{section.5.12}{\376\377\0005\000.\0001\0002\000\040\000M\000y\000P\000r\000o\000j\000e\000c\000t\000.\000h}{chapter.5}% 200
\BOOKMARK [1][-]{section.5.13}{\376\377\0005\000.\0001\0003\000\040\000M\000y\000P\000r\000o\000j\000e\000c\000t\000C\000h\000a\000r\000a\000c\000t\000e\000r\000.\000h\000\040\000F\000i\000l\000e\000\040\000R\000e\000f\000e\000r\000e\000n\000c\000e}{chapter.5}% 201
\BOOKMARK [1][-]{section.5.14}{\376\377\0005\000.\0001\0004\000\040\000M\000y\000P\000r\000o\000j\000e\000c\000t\000C\000h\000a\000r\000a\000c\000t\000e\000r\000.\000h}{chapter.5}% 202
\BOOKMARK [1][-]{section.5.15}{\376\377\0005\000.\0001\0005\000\040\000M\000y\000P\000r\000o\000j\000e\000c\000t\000G\000a\000m\000e\000M\000o\000d\000e\000.\000h\000\040\000F\000i\000l\000e\000\040\000R\000e\000f\000e\000r\000e\000n\000c\000e}{chapter.5}% 203
\BOOKMARK [1][-]{section.5.16}{\376\377\0005\000.\0001\0006\000\040\000M\000y\000P\000r\000o\000j\000e\000c\000t\000G\000a\000m\000e\000M\000o\000d\000e\000.\000h}{chapter.5}% 204
\BOOKMARK [1][-]{section.5.17}{\376\377\0005\000.\0001\0007\000\040\000M\000y\000P\000r\000o\000j\000e\000c\000t\000P\000l\000a\000y\000e\000r\000C\000o\000n\000t\000r\000o\000l\000l\000e\000r\000.\000h\000\040\000F\000i\000l\000e\000\040\000R\000e\000f\000e\000r\000e\000n\000c\000e}{chapter.5}% 205
\BOOKMARK [2][-]{subsection.5.17.1}{\376\377\0005\000.\0001\0007\000.\0001\000\040\000F\000u\000n\000c\000t\000i\000o\000n\000\040\000D\000o\000c\000u\000m\000e\000n\000t\000a\000t\000i\000o\000n}{section.5.17}% 206
\BOOKMARK [3][-]{subsubsection.5.17.1.1}{\376\377\0005\000.\0001\0007\000.\0001\000.\0001\000\040\000D\000E\000C\000L\000A\000R\000E\000\137\000L\000O\000G\000\137\000C\000A\000T\000E\000G\000O\000R\000Y\000\137\000E\000X\000T\000E\000R\000N\000\050\000\051}{subsection.5.17.1}% 207
\BOOKMARK [1][-]{section.5.18}{\376\377\0005\000.\0001\0008\000\040\000M\000y\000P\000r\000o\000j\000e\000c\000t\000P\000l\000a\000y\000e\000r\000C\000o\000n\000t\000r\000o\000l\000l\000e\000r\000.\000h}{chapter.5}% 208
\BOOKMARK [1][-]{section.5.19}{\376\377\0005\000.\0001\0009\000\040\000P\000r\000o\000j\000e\000c\000t\000i\000l\000e\000.\000h\000\040\000F\000i\000l\000e\000\040\000R\000e\000f\000e\000r\000e\000n\000c\000e}{chapter.5}% 209
\BOOKMARK [1][-]{section.5.20}{\376\377\0005\000.\0002\0000\000\040\000P\000r\000o\000j\000e\000c\000t\000i\000l\000e\000.\000h}{chapter.5}% 210
\BOOKMARK [1][-]{section.5.21}{\376\377\0005\000.\0002\0001\000\040\000S\000p\000a\000w\000n\000P\000o\000i\000n\000t\000.\000h\000\040\000F\000i\000l\000e\000\040\000R\000e\000f\000e\000r\000e\000n\000c\000e}{chapter.5}% 211
\BOOKMARK [1][-]{section.5.22}{\376\377\0005\000.\0002\0002\000\040\000S\000p\000a\000w\000n\000P\000o\000i\000n\000t\000.\000h}{chapter.5}% 212
\BOOKMARK [1][-]{section.5.23}{\376\377\0005\000.\0002\0003\000\040\000T\000D\000P\000l\000a\000y\000e\000r\000S\000t\000a\000t\000e\000.\000h\000\040\000F\000i\000l\000e\000\040\000R\000e\000f\000e\000r\000e\000n\000c\000e}{chapter.5}% 213
\BOOKMARK [2][-]{subsection.5.23.1}{\376\377\0005\000.\0002\0003\000.\0001\000\040\000F\000u\000n\000c\000t\000i\000o\000n\000\040\000D\000o\000c\000u\000m\000e\000n\000t\000a\000t\000i\000o\000n}{section.5.23}% 214
\BOOKMARK [3][-]{subsubsection.5.23.1.1}{\376\377\0005\000.\0002\0003\000.\0001\000.\0001\000\040\000D\000E\000C\000L\000A\000R\000E\000\137\000D\000Y\000N\000A\000M\000I\000C\000\137\000M\000U\000L\000T\000I\000C\000A\000S\000T\000\137\000D\000E\000L\000E\000G\000A\000T\000E\000\137\000O\000n\000e\000P\000a\000r\000a\000m\000\050\000\051}{subsection.5.23.1}% 215
\BOOKMARK [1][-]{section.5.24}{\376\377\0005\000.\0002\0004\000\040\000T\000D\000P\000l\000a\000y\000e\000r\000S\000t\000a\000t\000e\000.\000h}{chapter.5}% 216
\BOOKMARK [1][-]{section.5.25}{\376\377\0005\000.\0002\0005\000\040\000T\000o\000w\000e\000r\000.\000h\000\040\000F\000i\000l\000e\000\040\000R\000e\000f\000e\000r\000e\000n\000c\000e}{chapter.5}% 217
\BOOKMARK [1][-]{section.5.26}{\376\377\0005\000.\0002\0006\000\040\000T\000o\000w\000e\000r\000.\000h}{chapter.5}% 218
